[0125/151642.257:ERROR:directory_reader_win.cc(43)] FindFirstFile: Системе не удается найти указанный путь. (0x3)
[0125/163159.707:ERROR:scoped_process_suspend.cc(31)] NtSuspendProcess: Попытка доступа к процессу, выполняющему процедуру завершения. (0xc000010a)
[0125/163159.986:ERROR:process_info.cc(329)] VirtualQueryEx: Отказано в доступе. (0x5)
[0125/163159.986:ERROR:process_info.cc(556)] ReadMemoryInfo failed
[0125/163159.986:ERROR:process_memory_win.cc(39)] Failed to initialize ProcessInfo.
[0125/164500.794:ERROR:process_memory_win.cc(73)] ReadMemory at 0x7ff644120000 of 64 bytes failed: Запрос ReadProcessMemory или WriteProcessMemory был выполнен только частично. (0x12B)
[0125/164501.851:WARNING:pe_image_reader.cc(340)] could not read dos header from C:\Program Files (x86)\AVAST Software\Browser\Application\AvastBrowser.exe
[0125/164501.852:ERROR:process_memory_win.cc(73)] ReadMemory at 0x7fff05330000 of 64 bytes failed: Запрос ReadProcessMemory или WriteProcessMemory был выполнен только частично. (0x12B)
[0125/164501.852:WARNING:pe_image_reader.cc(340)] could not read dos header from C:\Windows\SYSTEM32\ntdll.dll
[0125/164501.852:ERROR:process_memory_win.cc(73)] ReadMemory at 0x7fff039e0000 of 64 bytes failed: Запрос ReadProcessMemory или WriteProcessMemory был выполнен только частично. (0x12B)
[0125/164501.852:WARNING:pe_image_reader.cc(340)] could not read dos header from C:\Windows\System32\KERNEL32.DLL
[0125/164501.852:ERROR:process_memory_win.cc(73)] ReadMemory at 0x7fff02380000 of 64 bytes failed: Запрос ReadProcessMemory или WriteProcessMemory был выполнен только частично. (0x12B)
[0125/164501.852:WARNING:pe_image_reader.cc(340)] could not read dos header from C:\Windows\System32\KERNELBASE.dll
[0125/164501.852:ERROR:process_memory_win.cc(73)] ReadMemory at 0x7ffed6700000 of 64 bytes failed: Запрос ReadProcessMemory или WriteProcessMemory был выполнен только частично. (0x12B)
[0125/164501.852:WARNING:pe_image_reader.cc(340)] could not read dos header from C:\Program Files (x86)\AVAST Software\Browser\Application\87.0.7480.89\chrome_elf.dll
[0125/164501.852:ERROR:process_memory_win.cc(73)] ReadMemory at 0x7ffefa080000 of 64 bytes failed: Запрос ReadProcessMemory или WriteProcessMemory был выполнен только частично. (0x12B)
[0125/164501.852:WARNING:pe_image_reader.cc(340)] could not read dos header from C:\Windows\SYSTEM32\VERSION.dll
[0125/164501.852:ERROR:process_memory_win.cc(73)] ReadMemory at 0x7fff02fe0000 of 64 bytes failed: Запрос ReadProcessMemory или WriteProcessMemory был выполнен только частично. (0x12B)
[0125/164501.853:WARNING:pe_image_reader.cc(340)] could not read dos header from C:\Windows\System32\msvcrt.dll
[0125/164501.853:ERROR:process_memory_win.cc(73)] ReadMemory at 0x7fff018e0000 of 64 bytes failed: Запрос ReadProcessMemory или WriteProcessMemory был выполнен только частично. (0x12B)
[0125/164501.853:WARNING:pe_image_reader.cc(340)] could not read dos header from C:\Windows\System32\bcryptPrimitives.dll
[0125/164501.853:ERROR:process_memory_win.cc(73)] ReadMemory at 0x7fff03190000 of 64 bytes failed: Запрос ReadProcessMemory или WriteProcessMemory был выполнен только частично. (0x12B)
[0125/164501.853:WARNING:pe_image_reader.cc(340)] could not read dos header from C:\Windows\System32\ADVAPI32.dll
[0125/164501.853:ERROR:process_memory_win.cc(73)] ReadMemory at 0x7fff036d0000 of 64 bytes failed: Запрос ReadProcessMemory или WriteProcessMemory был выполнен только частично. (0x12B)
[0125/164501.853:WARNING:pe_image_reader.cc(340)] could not read dos header from C:\Windows\System32\sechost.dll
[0125/164501.853:ERROR:process_memory_win.cc(73)] ReadMemory at 0x7fff038c0000 of 64 bytes failed: Запрос ReadProcessMemory или WriteProcessMemory был выполнен только частично. (0x12B)
[0125/164501.853:WARNING:pe_image_reader.cc(340)] could not read dos header from C:\Windows\System32\RPCRT4.dll
[0125/164501.853:ERROR:process_memory_win.cc(73)] ReadMemory at 0x7ffe907e0000 of 64 bytes failed: Запрос ReadProcessMemory или WriteProcessMemory был выполнен только частично. (0x12B)
[0125/164501.853:WARNING:pe_image_reader.cc(340)] could not read dos header from C:\Program Files (x86)\AVAST Software\Browser\Application\87.0.7480.89\chrome.dll
[0125/164501.853:ERROR:process_memory_win.cc(73)] ReadMemory at 0x7fff03730000 of 64 bytes failed: Запрос ReadProcessMemory или WriteProcessMemory был выполнен только частично. (0x12B)
[0125/164501.853:WARNING:pe_image_reader.cc(340)] could not read dos header from C:\Windows\System32\WS2_32.dll
[0125/164501.853:ERROR:process_memory_win.cc(73)] ReadMemory at 0x7fff03080000 of 64 bytes failed: Запрос ReadProcessMemory или WriteProcessMemory был выполнен только частично. (0x12B)
[0125/164501.853:WARNING:pe_image_reader.cc(340)] could not read dos header from C:\Windows\System32\OLEAUT32.dll
[0125/164501.853:ERROR:process_memory_win.cc(73)] ReadMemory at 0x7fff022e0000 of 64 bytes failed: Запрос ReadProcessMemory или WriteProcessMemory был выполнен только частично. (0x12B)
[0125/164501.853:WARNING:pe_image_reader.cc(340)] could not read dos header from C:\Windows\System32\msvcp_win.dll
[0125/164501.853:ERROR:process_memory_win.cc(73)] ReadMemory at 0x7fff01730000 of 64 bytes failed: Запрос ReadProcessMemory или WriteProcessMemory был выполнен только частично. (0x12B)
[0125/164501.853:WARNING:pe_image_reader.cc(340)] could not read dos header from C:\Windows\System32\ucrtbase.dll
[0125/164501.854:ERROR:process_memory_win.cc(73)] ReadMemory at 0x7fff02c50000 of 64 bytes failed: Запрос ReadProcessMemory или WriteProcessMemory был выполнен только частично. (0x12B)
[0125/164501.854:WARNING:pe_image_reader.cc(340)] could not read dos header from C:\Windows\System32\combase.dll
[0125/164501.854:ERROR:process_memory_win.cc(73)] ReadMemory at 0x7fff01960000 of 64 bytes failed: Запрос ReadProcessMemory или WriteProcessMemory был выполнен только частично. (0x12B)
[0125/164501.854:WARNING:pe_image_reader.cc(340)] could not read dos header from C:\Windows\System32\WINTRUST.dll
[0125/164501.854:ERROR:process_memory_win.cc(73)] ReadMemory at 0x7fff01680000 of 64 bytes failed: Запрос ReadProcessMemory или WriteProcessMemory был выполнен только частично. (0x12B)
[0125/164501.854:WARNING:pe_image_reader.cc(340)] could not read dos header from C:\Windows\System32\MSASN1.dll
[0125/164501.854:ERROR:process_memory_win.cc(73)] ReadMemory at 0x7fff02110000 of 64 bytes failed: Запрос ReadProcessMemory или WriteProcessMemory был выполнен только частично. (0x12B)
[0125/164501.854:WARNING:pe_image_reader.cc(340)] could not read dos header from C:\Windows\System32\CRYPT32.dll
[0125/164501.854:ERROR:process_memory_win.cc(73)] ReadMemory at 0x7ffef9ba0000 of 64 bytes failed: Запрос ReadProcessMemory или WriteProcessMemory был выполнен только частично. (0x12B)
[0125/164501.854:WARNING:pe_image_reader.cc(340)] could not read dos header from C:\Windows\SYSTEM32\dbghelp.dll
[0125/164501.854:ERROR:process_memory_win.cc(73)] ReadMemory at 0x7fff00ca0000 of 64 bytes failed: Запрос ReadProcessMemory или WriteProcessMemory был выполнен только частично. (0x12B)
[0125/164501.854:WARNING:pe_image_reader.cc(340)] could not read dos header from C:\Windows\SYSTEM32\IPHLPAPI.DLL
[0125/164501.854:ERROR:process_memory_win.cc(73)] ReadMemory at 0x7ffefe760000 of 64 bytes failed: Запрос ReadProcessMemory или WriteProcessMemory был выполнен только частично. (0x12B)
[0125/164501.854:WARNING:pe_image_reader.cc(340)] could not read dos header from C:\Windows\SYSTEM32\WINMM.dll
[0125/164501.854:ERROR:process_memory_win.cc(73)] ReadMemory at 0x7ffef4380000 of 64 bytes failed: Запрос ReadProcessMemory или WriteProcessMemory был выполнен только частично. (0x12B)
[0125/164501.854:WARNING:pe_image_reader.cc(340)] could not read dos header from C:\Windows\SYSTEM32\UIAutomationCore.DLL
[0125/164501.854:ERROR:process_memory_win.cc(73)] ReadMemory at 0x7ffef5840000 of 64 bytes failed: Запрос ReadProcessMemory или WriteProcessMemory был выполнен только частично. (0x12B)
[0125/164501.854:WARNING:pe_image_reader.cc(340)] could not read dos header from C:\Windows\SYSTEM32\Secur32.dll
[0125/164501.854:ERROR:process_memory_win.cc(73)] ReadMemory at 0x7fff015b0000 of 64 bytes failed: Запрос ReadProcessMemory или WriteProcessMemory был выполнен только частично. (0x12B)
[0125/164501.854:WARNING:pe_image_reader.cc(340)] could not read dos header from C:\Windows\SYSTEM32\USERENV.dll
[0125/164501.854:ERROR:process_memory_win.cc(73)] ReadMemory at 0x7fff016a0000 of 64 bytes failed: Запрос ReadProcessMemory или WriteProcessMemory был выполнен только частично. (0x12B)
[0125/164501.854:WARNING:pe_image_reader.cc(340)] could not read dos header from C:\Windows\System32\profapi.dll
[0125/164501.854:ERROR:process_memory_win.cc(73)] ReadMemory at 0x7ffef3ad0000 of 64 bytes failed: Запрос ReadProcessMemory или WriteProcessMemory был выполнен только частично. (0x12B)
[0125/164501.854:WARNING:pe_image_reader.cc(340)] could not read dos header from C:\Windows\SYSTEM32\DWrite.dll
[0125/164501.855:ERROR:process_memory_win.cc(73)] ReadMemory at 0x7ffee57a0000 of 64 bytes failed: Запрос ReadProcessMemory или WriteProcessMemory был выполнен только частично. (0x12B)
[0125/164501.855:WARNING:pe_image_reader.cc(340)] could not read dos header from C:\Windows\SYSTEM32\WINSPOOL.DRV
[0125/164501.855:ERROR:process_memory_win.cc(73)] ReadMemory at 0x7ffef9810000 of 64 bytes failed: Запрос ReadProcessMemory или WriteProcessMemory был выполнен только частично. (0x12B)
[0125/164501.855:WARNING:pe_image_reader.cc(340)] could not read dos header from C:\Windows\SYSTEM32\WINHTTP.dll
[0125/164501.855:ERROR:process_memory_win.cc(73)] ReadMemory at 0x7ffefa510000 of 64 bytes failed: Запрос ReadProcessMemory или WriteProcessMemory был выполнен только частично. (0x12B)
[0125/164501.855:WARNING:pe_image_reader.cc(340)] could not read dos header from C:\Windows\SYSTEM32\dhcpcsvc.DLL
[0125/164501.855:ERROR:process_memory_win.cc(73)] ReadMemory at 0x7fff03150000 of 64 bytes failed: Запрос ReadProcessMemory или WriteProcessMemory был выполнен только частично. (0x12B)
[0125/164501.855:WARNING:pe_image_reader.cc(340)] could not read dos header from C:\Windows\System32\NSI.dll
[0125/164501.855:ERROR:process_memory_win.cc(73)] ReadMemory at 0x7ffefe700000 of 64 bytes failed: Запрос ReadProcessMemory или WriteProcessMemory был выполнен только частично. (0x12B)
[0125/164501.855:WARNING:pe_image_reader.cc(340)] could not read dos header from C:\Windows\SYSTEM32\WINMMBASE.dll
[0125/164501.855:ERROR:process_memory_win.cc(73)] ReadMemory at 0x7fff02610000 of 64 bytes failed: Запрос ReadProcessMemory или WriteProcessMemory был выполнен только частично. (0x12B)
[0125/164501.855:WARNING:pe_image_reader.cc(340)] could not read dos header from C:\Windows\System32\cfgmgr32.dll
[0125/164501.855:ERROR:process_memory_win.cc(73)] ReadMemory at 0x7fff011e0000 of 64 bytes failed: Запрос ReadProcessMemory или WriteProcessMemory был выполнен только частично. (0x12B)
[0125/164501.855:WARNING:pe_image_reader.cc(340)] could not read dos header from C:\Windows\SYSTEM32\bcrypt.dll
[0125/164501.855:ERROR:process_memory_win.cc(73)] ReadMemory at 0x7fff01580000 of 64 bytes failed: Запрос ReadProcessMemory или WriteProcessMemory был выполнен только частично. (0x12B)
[0125/164501.855:WARNING:pe_image_reader.cc(340)] could not read dos header from C:\Windows\SYSTEM32\SSPICLI.DLL
[0125/164501.855:ERROR:process_memory_win.cc(73)] ReadMemory at 0x7fff010f0000 of 64 bytes failed: Запрос ReadProcessMemory или WriteProcessMemory был выполнен только частично. (0x12B)
[0125/164501.855:WARNING:pe_image_reader.cc(340)] could not read dos header from C:\Windows\SYSTEM32\CRYPTBASE.DLL
[0125/164501.855:ERROR:process_memory_win.cc(73)] ReadMemory at 0x7ffefb640000 of 64 bytes failed: Запрос ReadProcessMemory или WriteProcessMemory был выполнен только частично. (0x12B)
[0125/164501.855:WARNING:pe_image_reader.cc(340)] could not read dos header from C:\Windows\SYSTEM32\mfplat.dll
[0125/164501.855:ERROR:process_memory_win.cc(73)] ReadMemory at 0x7fff016c0000 of 64 bytes failed: Запрос ReadProcessMemory или WriteProcessMemory был выполнен только частично. (0x12B)
[0125/164501.855:WARNING:pe_image_reader.cc(340)] could not read dos header from C:\Windows\System32\kernel.appcore.dll
[0125/164501.855:ERROR:process_memory_win.cc(73)] ReadMemory at 0x7fff03160000 of 64 bytes failed: Запрос ReadProcessMemory или WriteProcessMemory был выполнен только частично. (0x12B)
[0125/164501.855:WARNING:pe_image_reader.cc(340)] could not read dos header from C:\Windows\System32\gdi32.dll
[0125/164501.855:ERROR:process_memory_win.cc(73)] ReadMemory at 0x7fff02660000 of 64 bytes failed: Запрос ReadProcessMemory или WriteProcessMemory был выполнен только частично. (0x12B)
[0125/164501.856:WARNING:pe_image_reader.cc(340)] could not read dos header from C:\Windows\System32\gdi32full.dll
[0125/164501.856:ERROR:process_memory_win.cc(73)] ReadMemory at 0x7fff034a0000 of 64 bytes failed: Запрос ReadProcessMemory или WriteProcessMemory был выполнен только частично. (0x12B)
[0125/164501.856:WARNING:pe_image_reader.cc(340)] could not read dos header from C:\Windows\System32\USER32.dll
[0125/164501.856:ERROR:process_memory_win.cc(73)] ReadMemory at 0x7fff025f0000 of 64 bytes failed: Запрос ReadProcessMemory или WriteProcessMemory был выполнен только частично. (0x12B)
[0125/164501.856:WARNING:pe_image_reader.cc(340)] could not read dos header from C:\Windows\System32\win32u.dll
[0125/164501.856:ERROR:process_memory_win.cc(73)] ReadMemory at 0x22d0a630000 of 64 bytes failed: Запрос ReadProcessMemory или WriteProcessMemory был выполнен только частично. (0x12B)
[0125/164501.856:WARNING:pe_image_reader.cc(340)] could not read dos header from C:\Windows\System32\IMM32.DLL
[0125/164501.856:ERROR:process_memory_win.cc(73)] ReadMemory at 0x7ffefb430000 of 64 bytes failed: Запрос ReadProcessMemory или WriteProcessMemory был выполнен только частично. (0x12B)
[0125/164501.856:WARNING:pe_image_reader.cc(340)] could not read dos header from C:\Windows\SYSTEM32\RTWorkQ.DLL
[0125/164501.856:ERROR:process_memory_win.cc(73)] ReadMemory at 0x7ffeccd10000 of 64 bytes failed: Запрос ReadProcessMemory или WriteProcessMemory был выполнен только частично. (0x12B)
[0125/164501.856:WARNING:pe_image_reader.cc(340)] could not read dos header from C:\Windows\SYSTEM32\msmpeg2vdec.dll
[0125/164501.856:ERROR:process_memory_win.cc(73)] ReadMemory at 0x7ffecd530000 of 64 bytes failed: Запрос ReadProcessMemory или WriteProcessMemory был выполнен только частично. (0x12B)
[0125/164501.856:WARNING:pe_image_reader.cc(340)] could not read dos header from C:\Windows\SYSTEM32\mfperfhelper.dll
[0125/164501.856:ERROR:process_memory_win.cc(73)] ReadMemory at 0x7fff010d0000 of 64 bytes failed: Запрос ReadProcessMemory или WriteProcessMemory был выполнен только частично. (0x12B)
[0125/164501.856:WARNING:pe_image_reader.cc(340)] could not read dos header from C:\Windows\SYSTEM32\cryptsp.dll
[0125/164501.856:ERROR:process_memory_win.cc(73)] ReadMemory at 0x7ffed6640000 of 64 bytes failed: Запрос ReadProcessMemory или WriteProcessMemory был выполнен только частично. (0x12B)
[0125/164501.856:WARNING:pe_image_reader.cc(340)] could not read dos header from C:\Windows\SYSTEM32\evr.dll
[0125/164501.856:ERROR:process_memory_win.cc(73)] ReadMemory at 0x7fff016e0000 of 64 bytes failed: Запрос ReadProcessMemory или WriteProcessMemory был выполнен только частично. (0x12B)
[0125/164501.856:WARNING:pe_image_reader.cc(340)] could not read dos header from C:\Windows\System32\powrprof.dll
[0125/164501.856:ERROR:process_memory_win.cc(73)] ReadMemory at 0x7ffed7e40000 of 64 bytes failed: Запрос ReadProcessMemory или WriteProcessMemory был выполнен только частично. (0x12B)
[0125/164501.856:WARNING:pe_image_reader.cc(340)] could not read dos header from C:\Windows\SYSTEM32\msauddecmft.dll
[0125/164502.102:ERROR:process_memory_win.cc(73)] ReadMemory at 0x7ff644120000 of 64 bytes failed: Запрос ReadProcessMemory или WriteProcessMemory был выполнен только частично. (0x12B)
[0125/164502.102:WARNING:pe_image_reader.cc(340)] could not read dos header from C:\Program Files (x86)\AVAST Software\Browser\Application\AvastBrowser.exe
[0125/164502.102:ERROR:process_memory_win.cc(73)] ReadMemory at 0x7fff05330000 of 64 bytes failed: Запрос ReadProcessMemory или WriteProcessMemory был выполнен только частично. (0x12B)
[0125/164502.102:WARNING:pe_image_reader.cc(340)] could not read dos header from C:\Windows\SYSTEM32\ntdll.dll
[0125/164502.102:ERROR:process_memory_win.cc(73)] ReadMemory at 0x7fff039e0000 of 64 bytes failed: Запрос ReadProcessMemory или WriteProcessMemory был выполнен только частично. (0x12B)
[0125/164502.102:WARNING:pe_image_reader.cc(340)] could not read dos header from C:\Windows\System32\KERNEL32.DLL
[0125/164502.102:ERROR:process_memory_win.cc(73)] ReadMemory at 0x7fff02380000 of 64 bytes failed: Запрос ReadProcessMemory или WriteProcessMemory был выполнен только частично. (0x12B)
[0125/164502.102:WARNING:pe_image_reader.cc(340)] could not read dos header from C:\Windows\System32\KERNELBASE.dll
[0125/164502.102:ERROR:process_memory_win.cc(73)] ReadMemory at 0x7ffed6700000 of 64 bytes failed: Запрос ReadProcessMemory или WriteProcessMemory был выполнен только частично. (0x12B)
[0125/164502.102:WARNING:pe_image_reader.cc(340)] could not read dos header from C:\Program Files (x86)\AVAST Software\Browser\Application\87.0.7480.89\chrome_elf.dll
[0125/164502.102:ERROR:process_memory_win.cc(73)] ReadMemory at 0x7ffefa080000 of 64 bytes failed: Запрос ReadProcessMemory или WriteProcessMemory был выполнен только частично. (0x12B)
[0125/164502.102:WARNING:pe_image_reader.cc(340)] could not read dos header from C:\Windows\SYSTEM32\VERSION.dll
[0125/164502.102:ERROR:process_memory_win.cc(73)] ReadMemory at 0x7fff02fe0000 of 64 bytes failed: Запрос ReadProcessMemory или WriteProcessMemory был выполнен только частично. (0x12B)
[0125/164502.103:WARNING:pe_image_reader.cc(340)] could not read dos header from C:\Windows\System32\msvcrt.dll
[0125/164502.103:ERROR:process_memory_win.cc(73)] ReadMemory at 0x7fff018e0000 of 64 bytes failed: Запрос ReadProcessMemory или WriteProcessMemory был выполнен только частично. (0x12B)
[0125/164502.103:WARNING:pe_image_reader.cc(340)] could not read dos header from C:\Windows\System32\bcryptPrimitives.dll
[0125/164502.103:ERROR:process_memory_win.cc(73)] ReadMemory at 0x7fff03190000 of 64 bytes failed: Запрос ReadProcessMemory или WriteProcessMemory был выполнен только частично. (0x12B)
[0125/164502.103:WARNING:pe_image_reader.cc(340)] could not read dos header from C:\Windows\System32\ADVAPI32.dll
[0125/164502.103:ERROR:process_memory_win.cc(73)] ReadMemory at 0x7fff036d0000 of 64 bytes failed: Запрос ReadProcessMemory или WriteProcessMemory был выполнен только частично. (0x12B)
[0125/164502.103:WARNING:pe_image_reader.cc(340)] could not read dos header from C:\Windows\System32\sechost.dll
[0125/164502.103:ERROR:process_memory_win.cc(73)] ReadMemory at 0x7fff038c0000 of 64 bytes failed: Запрос ReadProcessMemory или WriteProcessMemory был выполнен только частично. (0x12B)
[0125/164502.103:WARNING:pe_image_reader.cc(340)] could not read dos header from C:\Windows\System32\RPCRT4.dll
[0125/164502.103:ERROR:process_memory_win.cc(73)] ReadMemory at 0x7ffe907e0000 of 64 bytes failed: Запрос ReadProcessMemory или WriteProcessMemory был выполнен только частично. (0x12B)
[0125/164502.103:WARNING:pe_image_reader.cc(340)] could not read dos header from C:\Program Files (x86)\AVAST Software\Browser\Application\87.0.7480.89\chrome.dll
[0125/164502.103:ERROR:process_memory_win.cc(73)] ReadMemory at 0x7fff03730000 of 64 bytes failed: Запрос ReadProcessMemory или WriteProcessMemory был выполнен только частично. (0x12B)
[0125/164502.103:WARNING:pe_image_reader.cc(340)] could not read dos header from C:\Windows\System32\WS2_32.dll
[0125/164502.103:ERROR:process_memory_win.cc(73)] ReadMemory at 0x7fff03080000 of 64 bytes failed: Запрос ReadProcessMemory или WriteProcessMemory был выполнен только частично. (0x12B)
[0125/164502.103:WARNING:pe_image_reader.cc(340)] could not read dos header from C:\Windows\System32\OLEAUT32.dll
[0125/164502.103:ERROR:process_memory_win.cc(73)] ReadMemory at 0x7fff022e0000 of 64 bytes failed: Запрос ReadProcessMemory или WriteProcessMemory был выполнен только частично. (0x12B)
[0125/164502.103:WARNING:pe_image_reader.cc(340)] could not read dos header from C:\Windows\System32\msvcp_win.dll
[0125/164502.103:ERROR:process_memory_win.cc(73)] ReadMemory at 0x7fff01730000 of 64 bytes failed: Запрос ReadProcessMemory или WriteProcessMemory был выполнен только частично. (0x12B)
[0125/164502.103:WARNING:pe_image_reader.cc(340)] could not read dos header from C:\Windows\System32\ucrtbase.dll
[0125/164502.103:ERROR:process_memory_win.cc(73)] ReadMemory at 0x7fff02c50000 of 64 bytes failed: Запрос ReadProcessMemory или WriteProcessMemory был выполнен только частично. (0x12B)
[0125/164502.103:WARNING:pe_image_reader.cc(340)] could not read dos header from C:\Windows\System32\combase.dll
[0125/164502.103:ERROR:process_memory_win.cc(73)] ReadMemory at 0x7fff01960000 of 64 bytes failed: Запрос ReadProcessMemory или WriteProcessMemory был выполнен только частично. (0x12B)
[0125/164502.103:WARNING:pe_image_reader.cc(340)] could not read dos header from C:\Windows\System32\WINTRUST.dll
[0125/164502.103:ERROR:process_memory_win.cc(73)] ReadMemory at 0x7fff01680000 of 64 bytes failed: Запрос ReadProcessMemory или WriteProcessMemory был выполнен только частично. (0x12B)
[0125/164502.104:WARNING:pe_image_reader.cc(340)] could not read dos header from C:\Windows\System32\MSASN1.dll
[0125/164502.104:ERROR:process_memory_win.cc(73)] ReadMemory at 0x7fff02110000 of 64 bytes failed: Запрос ReadProcessMemory или WriteProcessMemory был выполнен только частично. (0x12B)
[0125/164502.104:WARNING:pe_image_reader.cc(340)] could not read dos header from C:\Windows\System32\CRYPT32.dll
[0125/164502.104:ERROR:process_memory_win.cc(73)] ReadMemory at 0x7ffef9ba0000 of 64 bytes failed: Запрос ReadProcessMemory или WriteProcessMemory был выполнен только частично. (0x12B)
[0125/164502.104:WARNING:pe_image_reader.cc(340)] could not read dos header from C:\Windows\SYSTEM32\dbghelp.dll
[0125/164502.104:ERROR:process_memory_win.cc(73)] ReadMemory at 0x7fff00ca0000 of 64 bytes failed: Запрос ReadProcessMemory или WriteProcessMemory был выполнен только частично. (0x12B)
[0125/164502.104:WARNING:pe_image_reader.cc(340)] could not read dos header from C:\Windows\SYSTEM32\IPHLPAPI.DLL
[0125/164502.104:ERROR:process_memory_win.cc(73)] ReadMemory at 0x7ffefe760000 of 64 bytes failed: Запрос ReadProcessMemory или WriteProcessMemory был выполнен только частично. (0x12B)
[0125/164502.104:WARNING:pe_image_reader.cc(340)] could not read dos header from C:\Windows\SYSTEM32\WINMM.dll
[0125/164502.104:ERROR:process_memory_win.cc(73)] ReadMemory at 0x7ffef4380000 of 64 bytes failed: Запрос ReadProcessMemory или WriteProcessMemory был выполнен только частично. (0x12B)
[0125/164502.104:WARNING:pe_image_reader.cc(340)] could not read dos header from C:\Windows\SYSTEM32\UIAutomationCore.DLL
[0125/164502.104:ERROR:process_memory_win.cc(73)] ReadMemory at 0x7ffef5840000 of 64 bytes failed: Запрос ReadProcessMemory или WriteProcessMemory был выполнен только частично. (0x12B)
[0125/164502.104:WARNING:pe_image_reader.cc(340)] could not read dos header from C:\Windows\SYSTEM32\Secur32.dll
[0125/164502.104:ERROR:process_memory_win.cc(73)] ReadMemory at 0x7fff015b0000 of 64 bytes failed: Запрос ReadProcessMemory или WriteProcessMemory был выполнен только частично. (0x12B)
[0125/164502.104:WARNING:pe_image_reader.cc(340)] could not read dos header from C:\Windows\SYSTEM32\USERENV.dll
[0125/164502.104:ERROR:process_memory_win.cc(73)] ReadMemory at 0x7fff016a0000 of 64 bytes failed: Запрос ReadProcessMemory или WriteProcessMemory был выполнен только частично. (0x12B)
[0125/164502.104:WARNING:pe_image_reader.cc(340)] could not read dos header from C:\Windows\System32\profapi.dll
[0125/164502.104:ERROR:process_memory_win.cc(73)] ReadMemory at 0x7ffef3ad0000 of 64 bytes failed: Запрос ReadProcessMemory или WriteProcessMemory был выполнен только частично. (0x12B)
[0125/164502.104:WARNING:pe_image_reader.cc(340)] could not read dos header from C:\Windows\SYSTEM32\DWrite.dll
[0125/164502.104:ERROR:process_memory_win.cc(73)] ReadMemory at 0x7ffee57a0000 of 64 bytes failed: Запрос ReadProcessMemory или WriteProcessMemory был выполнен только частично. (0x12B)
[0125/164502.104:WARNING:pe_image_reader.cc(340)] could not read dos header from C:\Windows\SYSTEM32\WINSPOOL.DRV
[0125/164502.104:ERROR:process_memory_win.cc(73)] ReadMemory at 0x7ffef9810000 of 64 bytes failed: Запрос ReadProcessMemory или WriteProcessMemory был выполнен только частично. (0x12B)
[0125/164502.104:WARNING:pe_image_reader.cc(340)] could not read dos header from C:\Windows\SYSTEM32\WINHTTP.dll
[0125/164502.104:ERROR:process_memory_win.cc(73)] ReadMemory at 0x7ffefa510000 of 64 bytes failed: Запрос ReadProcessMemory или WriteProcessMemory был выполнен только частично. (0x12B)
[0125/164502.104:WARNING:pe_image_reader.cc(340)] could not read dos header from C:\Windows\SYSTEM32\dhcpcsvc.DLL
[0125/164502.105:ERROR:process_memory_win.cc(73)] ReadMemory at 0x7fff03150000 of 64 bytes failed: Запрос ReadProcessMemory или WriteProcessMemory был выполнен только частично. (0x12B)
[0125/164502.105:WARNING:pe_image_reader.cc(340)] could not read dos header from C:\Windows\System32\NSI.dll
[0125/164502.105:ERROR:process_memory_win.cc(73)] ReadMemory at 0x7ffefe700000 of 64 bytes failed: Запрос ReadProcessMemory или WriteProcessMemory был выполнен только частично. (0x12B)
[0125/164502.105:WARNING:pe_image_reader.cc(340)] could not read dos header from C:\Windows\SYSTEM32\WINMMBASE.dll
[0125/164502.105:ERROR:process_memory_win.cc(73)] ReadMemory at 0x7fff02610000 of 64 bytes failed: Запрос ReadProcessMemory или WriteProcessMemory был выполнен только частично. (0x12B)
[0125/164502.105:WARNING:pe_image_reader.cc(340)] could not read dos header from C:\Windows\System32\cfgmgr32.dll
[0125/164502.105:ERROR:process_memory_win.cc(73)] ReadMemory at 0x7fff011e0000 of 64 bytes failed: Запрос ReadProcessMemory или WriteProcessMemory был выполнен только частично. (0x12B)
[0125/164502.105:WARNING:pe_image_reader.cc(340)] could not read dos header from C:\Windows\SYSTEM32\bcrypt.dll
[0125/164502.105:ERROR:process_memory_win.cc(73)] ReadMemory at 0x7fff01580000 of 64 bytes failed: Запрос ReadProcessMemory или WriteProcessMemory был выполнен только частично. (0x12B)
[0125/164502.105:WARNING:pe_image_reader.cc(340)] could not read dos header from C:\Windows\SYSTEM32\SSPICLI.DLL
[0125/164502.105:ERROR:process_memory_win.cc(73)] ReadMemory at 0x7fff010f0000 of 64 bytes failed: Запрос ReadProcessMemory или WriteProcessMemory был выполнен только частично. (0x12B)
[0125/164502.105:WARNING:pe_image_reader.cc(340)] could not read dos header from C:\Windows\SYSTEM32\CRYPTBASE.DLL
[0125/164502.105:ERROR:process_memory_win.cc(73)] ReadMemory at 0x7ffefb640000 of 64 bytes failed: Запрос ReadProcessMemory или WriteProcessMemory был выполнен только частично. (0x12B)
[0125/164502.105:WARNING:pe_image_reader.cc(340)] could not read dos header from C:\Windows\SYSTEM32\mfplat.dll
[0125/164502.105:ERROR:process_memory_win.cc(73)] ReadMemory at 0x7fff016c0000 of 64 bytes failed: Запрос ReadProcessMemory или WriteProcessMemory был выполнен только частично. (0x12B)
[0125/164502.105:WARNING:pe_image_reader.cc(340)] could not read dos header from C:\Windows\System32\kernel.appcore.dll
[0125/164502.105:ERROR:process_memory_win.cc(73)] ReadMemory at 0x7fff03160000 of 64 bytes failed: Запрос ReadProcessMemory или WriteProcessMemory был выполнен только частично. (0x12B)
[0125/164502.105:WARNING:pe_image_reader.cc(340)] could not read dos header from C:\Windows\System32\gdi32.dll
[0125/164502.105:ERROR:process_memory_win.cc(73)] ReadMemory at 0x7fff02660000 of 64 bytes failed: Запрос ReadProcessMemory или WriteProcessMemory был выполнен только частично. (0x12B)
[0125/164502.105:WARNING:pe_image_reader.cc(340)] could not read dos header from C:\Windows\System32\gdi32full.dll
[0125/164502.105:ERROR:process_memory_win.cc(73)] ReadMemory at 0x7fff034a0000 of 64 bytes failed: Запрос ReadProcessMemory или WriteProcessMemory был выполнен только частично. (0x12B)
[0125/164502.105:WARNING:pe_image_reader.cc(340)] could not read dos header from C:\Windows\System32\USER32.dll
[0125/164502.105:ERROR:process_memory_win.cc(73)] ReadMemory at 0x7fff025f0000 of 64 bytes failed: Запрос ReadProcessMemory или WriteProcessMemory был выполнен только частично. (0x12B)
[0125/164502.105:WARNING:pe_image_reader.cc(340)] could not read dos header from C:\Windows\System32\win32u.dll
[0125/164502.105:ERROR:process_memory_win.cc(73)] ReadMemory at 0x22d0a630000 of 64 bytes failed: Запрос ReadProcessMemory или WriteProcessMemory был выполнен только частично. (0x12B)
[0125/164502.106:WARNING:pe_image_reader.cc(340)] could not read dos header from C:\Windows\System32\IMM32.DLL
[0125/164502.106:ERROR:process_memory_win.cc(73)] ReadMemory at 0x7ffefb430000 of 64 bytes failed: Запрос ReadProcessMemory или WriteProcessMemory был выполнен только частично. (0x12B)
[0125/164502.106:WARNING:pe_image_reader.cc(340)] could not read dos header from C:\Windows\SYSTEM32\RTWorkQ.DLL
[0125/164502.106:ERROR:process_memory_win.cc(73)] ReadMemory at 0x7ffeccd10000 of 64 bytes failed: Запрос ReadProcessMemory или WriteProcessMemory был выполнен только частично. (0x12B)
[0125/164502.106:WARNING:pe_image_reader.cc(340)] could not read dos header from C:\Windows\SYSTEM32\msmpeg2vdec.dll
[0125/164502.106:ERROR:process_memory_win.cc(73)] ReadMemory at 0x7ffecd530000 of 64 bytes failed: Запрос ReadProcessMemory или WriteProcessMemory был выполнен только частично. (0x12B)
[0125/164502.106:WARNING:pe_image_reader.cc(340)] could not read dos header from C:\Windows\SYSTEM32\mfperfhelper.dll
[0125/164502.106:ERROR:process_memory_win.cc(73)] ReadMemory at 0x7fff010d0000 of 64 bytes failed: Запрос ReadProcessMemory или WriteProcessMemory был выполнен только частично. (0x12B)
[0125/164502.106:WARNING:pe_image_reader.cc(340)] could not read dos header from C:\Windows\SYSTEM32\cryptsp.dll
[0125/164502.106:ERROR:process_memory_win.cc(73)] ReadMemory at 0x7ffed6640000 of 64 bytes failed: Запрос ReadProcessMemory или WriteProcessMemory был выполнен только частично. (0x12B)
[0125/164502.106:WARNING:pe_image_reader.cc(340)] could not read dos header from C:\Windows\SYSTEM32\evr.dll
[0125/164502.106:ERROR:process_memory_win.cc(73)] ReadMemory at 0x7fff016e0000 of 64 bytes failed: Запрос ReadProcessMemory или WriteProcessMemory был выполнен только частично. (0x12B)
[0125/164502.106:WARNING:pe_image_reader.cc(340)] could not read dos header from C:\Windows\System32\powrprof.dll
[0125/164502.106:ERROR:process_memory_win.cc(73)] ReadMemory at 0x7ffed7e40000 of 64 bytes failed: Запрос ReadProcessMemory или WriteProcessMemory был выполнен только частично. (0x12B)
[0125/164502.106:WARNING:pe_image_reader.cc(340)] could not read dos header from C:\Windows\SYSTEM32\msauddecmft.dll
[0125/164502.106:ERROR:process_memory_win.cc(73)] ReadMemory at 0x7ff644120000 of 64 bytes failed: Запрос ReadProcessMemory или WriteProcessMemory был выполнен только частично. (0x12B)
[0125/164502.106:WARNING:pe_image_reader.cc(340)] could not read dos header from C:\Program Files (x86)\AVAST Software\Browser\Application\AvastBrowser.exe
[0125/164502.106:ERROR:process_memory_win.cc(73)] ReadMemory at 0x7fff05330000 of 64 bytes failed: Запрос ReadProcessMemory или WriteProcessMemory был выполнен только частично. (0x12B)
[0125/164502.106:WARNING:pe_image_reader.cc(340)] could not read dos header from C:\Windows\SYSTEM32\ntdll.dll
[0125/164502.106:ERROR:process_memory_win.cc(73)] ReadMemory at 0x7fff039e0000 of 64 bytes failed: Запрос ReadProcessMemory или WriteProcessMemory был выполнен только частично. (0x12B)
[0125/164502.106:WARNING:pe_image_reader.cc(340)] could not read dos header from C:\Windows\System32\KERNEL32.DLL
[0125/164502.106:ERROR:process_memory_win.cc(73)] ReadMemory at 0x7fff02380000 of 64 bytes failed: Запрос ReadProcessMemory или WriteProcessMemory был выполнен только частично. (0x12B)
[0125/164502.106:WARNING:pe_image_reader.cc(340)] could not read dos header from C:\Windows\System32\KERNELBASE.dll
[0125/164502.106:ERROR:process_memory_win.cc(73)] ReadMemory at 0x7ffed6700000 of 64 bytes failed: Запрос ReadProcessMemory или WriteProcessMemory был выполнен только частично. (0x12B)
[0125/164502.106:WARNING:pe_image_reader.cc(340)] could not read dos header from C:\Program Files (x86)\AVAST Software\Browser\Application\87.0.7480.89\chrome_elf.dll
[0125/164502.107:ERROR:process_memory_win.cc(73)] ReadMemory at 0x7ffefa080000 of 64 bytes failed: Запрос ReadProcessMemory или WriteProcessMemory был выполнен только частично. (0x12B)
[0125/164502.107:WARNING:pe_image_reader.cc(340)] could not read dos header from C:\Windows\SYSTEM32\VERSION.dll
[0125/164502.107:ERROR:process_memory_win.cc(73)] ReadMemory at 0x7fff02fe0000 of 64 bytes failed: Запрос ReadProcessMemory или WriteProcessMemory был выполнен только частично. (0x12B)
[0125/164502.107:WARNING:pe_image_reader.cc(340)] could not read dos header from C:\Windows\System32\msvcrt.dll
[0125/164502.107:ERROR:process_memory_win.cc(73)] ReadMemory at 0x7fff018e0000 of 64 bytes failed: Запрос ReadProcessMemory или WriteProcessMemory был выполнен только частично. (0x12B)
[0125/164502.107:WARNING:pe_image_reader.cc(340)] could not read dos header from C:\Windows\System32\bcryptPrimitives.dll
[0125/164502.107:ERROR:process_memory_win.cc(73)] ReadMemory at 0x7fff03190000 of 64 bytes failed: Запрос ReadProcessMemory или WriteProcessMemory был выполнен только частично. (0x12B)
[0125/164502.107:WARNING:pe_image_reader.cc(340)] could not read dos header from C:\Windows\System32\ADVAPI32.dll
[0125/164502.107:ERROR:process_memory_win.cc(73)] ReadMemory at 0x7fff036d0000 of 64 bytes failed: Запрос ReadProcessMemory или WriteProcessMemory был выполнен только частично. (0x12B)
[0125/164502.107:WARNING:pe_image_reader.cc(340)] could not read dos header from C:\Windows\System32\sechost.dll
[0125/164502.107:ERROR:process_memory_win.cc(73)] ReadMemory at 0x7fff038c0000 of 64 bytes failed: Запрос ReadProcessMemory или WriteProcessMemory был выполнен только частично. (0x12B)
[0125/164502.107:WARNING:pe_image_reader.cc(340)] could not read dos header from C:\Windows\System32\RPCRT4.dll
[0125/164502.107:ERROR:process_memory_win.cc(73)] ReadMemory at 0x7ffe907e0000 of 64 bytes failed: Запрос ReadProcessMemory или WriteProcessMemory был выполнен только частично. (0x12B)
[0125/164502.107:WARNING:pe_image_reader.cc(340)] could not read dos header from C:\Program Files (x86)\AVAST Software\Browser\Application\87.0.7480.89\chrome.dll
[0125/164502.107:ERROR:process_memory_win.cc(73)] ReadMemory at 0x7fff03730000 of 64 bytes failed: Запрос ReadProcessMemory или WriteProcessMemory был выполнен только частично. (0x12B)
[0125/164502.107:WARNING:pe_image_reader.cc(340)] could not read dos header from C:\Windows\System32\WS2_32.dll
[0125/164502.107:ERROR:process_memory_win.cc(73)] ReadMemory at 0x7fff03080000 of 64 bytes failed: Запрос ReadProcessMemory или WriteProcessMemory был выполнен только частично. (0x12B)
[0125/164502.107:WARNING:pe_image_reader.cc(340)] could not read dos header from C:\Windows\System32\OLEAUT32.dll
[0125/164502.107:ERROR:process_memory_win.cc(73)] ReadMemory at 0x7fff022e0000 of 64 bytes failed: Запрос ReadProcessMemory или WriteProcessMemory был выполнен только частично. (0x12B)
[0125/164502.107:WARNING:pe_image_reader.cc(340)] could not read dos header from C:\Windows\System32\msvcp_win.dll
[0125/164502.107:ERROR:process_memory_win.cc(73)] ReadMemory at 0x7fff01730000 of 64 bytes failed: Запрос ReadProcessMemory или WriteProcessMemory был выполнен только частично. (0x12B)
[0125/164502.108:WARNING:pe_image_reader.cc(340)] could not read dos header from C:\Windows\System32\ucrtbase.dll
[0125/164502.108:ERROR:process_memory_win.cc(73)] ReadMemory at 0x7fff02c50000 of 64 bytes failed: Запрос ReadProcessMemory или WriteProcessMemory был выполнен только частично. (0x12B)
[0125/164502.108:WARNING:pe_image_reader.cc(340)] could not read dos header from C:\Windows\System32\combase.dll
[0125/164502.108:ERROR:process_memory_win.cc(73)] ReadMemory at 0x7fff01960000 of 64 bytes failed: Запрос ReadProcessMemory или WriteProcessMemory был выполнен только частично. (0x12B)
[0125/164502.108:WARNING:pe_image_reader.cc(340)] could not read dos header from C:\Windows\System32\WINTRUST.dll
[0125/164502.108:ERROR:process_memory_win.cc(73)] ReadMemory at 0x7fff01680000 of 64 bytes failed: Запрос ReadProcessMemory или WriteProcessMemory был выполнен только частично. (0x12B)
[0125/164502.108:WARNING:pe_image_reader.cc(340)] could not read dos header from C:\Windows\System32\MSASN1.dll
[0125/164502.108:ERROR:process_memory_win.cc(73)] ReadMemory at 0x7fff02110000 of 64 bytes failed: Запрос ReadProcessMemory или WriteProcessMemory был выполнен только частично. (0x12B)
[0125/164502.108:WARNING:pe_image_reader.cc(340)] could not read dos header from C:\Windows\System32\CRYPT32.dll
[0125/164502.108:ERROR:process_memory_win.cc(73)] ReadMemory at 0x7ffef9ba0000 of 64 bytes failed: Запрос ReadProcessMemory или WriteProcessMemory был выполнен только частично. (0x12B)
[0125/164502.108:WARNING:pe_image_reader.cc(340)] could not read dos header from C:\Windows\SYSTEM32\dbghelp.dll
[0125/164502.108:ERROR:process_memory_win.cc(73)] ReadMemory at 0x7fff00ca0000 of 64 bytes failed: Запрос ReadProcessMemory или WriteProcessMemory был выполнен только частично. (0x12B)
[0125/164502.108:WARNING:pe_image_reader.cc(340)] could not read dos header from C:\Windows\SYSTEM32\IPHLPAPI.DLL
[0125/164502.108:ERROR:process_memory_win.cc(73)] ReadMemory at 0x7ffefe760000 of 64 bytes failed: Запрос ReadProcessMemory или WriteProcessMemory был выполнен только частично. (0x12B)
[0125/164502.108:WARNING:pe_image_reader.cc(340)] could not read dos header from C:\Windows\SYSTEM32\WINMM.dll
[0125/164502.108:ERROR:process_memory_win.cc(73)] ReadMemory at 0x7ffef4380000 of 64 bytes failed: Запрос ReadProcessMemory или WriteProcessMemory был выполнен только частично. (0x12B)
[0125/164502.108:WARNING:pe_image_reader.cc(340)] could not read dos header from C:\Windows\SYSTEM32\UIAutomationCore.DLL
[0125/164502.108:ERROR:process_memory_win.cc(73)] ReadMemory at 0x7ffef5840000 of 64 bytes failed: Запрос ReadProcessMemory или WriteProcessMemory был выполнен только частично. (0x12B)
[0125/164502.108:WARNING:pe_image_reader.cc(340)] could not read dos header from C:\Windows\SYSTEM32\Secur32.dll
[0125/164502.108:ERROR:process_memory_win.cc(73)] ReadMemory at 0x7fff015b0000 of 64 bytes failed: Запрос ReadProcessMemory или WriteProcessMemory был выполнен только частично. (0x12B)
[0125/164502.108:WARNING:pe_image_reader.cc(340)] could not read dos header from C:\Windows\SYSTEM32\USERENV.dll
[0125/164502.108:ERROR:process_memory_win.cc(73)] ReadMemory at 0x7fff016a0000 of 64 bytes failed: Запрос ReadProcessMemory или WriteProcessMemory был выполнен только частично. (0x12B)
[0125/164502.108:WARNING:pe_image_reader.cc(340)] could not read dos header from C:\Windows\System32\profapi.dll
[0125/164502.108:ERROR:process_memory_win.cc(73)] ReadMemory at 0x7ffef3ad0000 of 64 bytes failed: Запрос ReadProcessMemory или WriteProcessMemory был выполнен только частично. (0x12B)
[0125/164502.108:WARNING:pe_image_reader.cc(340)] could not read dos header from C:\Windows\SYSTEM32\DWrite.dll
[0125/164502.109:ERROR:process_memory_win.cc(73)] ReadMemory at 0x7ffee57a0000 of 64 bytes failed: Запрос ReadProcessMemory или WriteProcessMemory был выполнен только частично. (0x12B)
[0125/164502.109:WARNING:pe_image_reader.cc(340)] could not read dos header from C:\Windows\SYSTEM32\WINSPOOL.DRV
[0125/164502.109:ERROR:process_memory_win.cc(73)] ReadMemory at 0x7ffef9810000 of 64 bytes failed: Запрос ReadProcessMemory или WriteProcessMemory был выполнен только частично. (0x12B)
[0125/164502.109:WARNING:pe_image_reader.cc(340)] could not read dos header from C:\Windows\SYSTEM32\WINHTTP.dll
[0125/164502.109:ERROR:process_memory_win.cc(73)] ReadMemory at 0x7ffefa510000 of 64 bytes failed: Запрос ReadProcessMemory или WriteProcessMemory был выполнен только частично. (0x12B)
[0125/164502.109:WARNING:pe_image_reader.cc(340)] could not read dos header from C:\Windows\SYSTEM32\dhcpcsvc.DLL
[0125/164502.109:ERROR:process_memory_win.cc(73)] ReadMemory at 0x7fff03150000 of 64 bytes failed: Запрос ReadProcessMemory или WriteProcessMemory был выполнен только частично. (0x12B)
[0125/164502.109:WARNING:pe_image_reader.cc(340)] could not read dos header from C:\Windows\System32\NSI.dll
[0125/164502.109:ERROR:process_memory_win.cc(73)] ReadMemory at 0x7ffefe700000 of 64 bytes failed: Запрос ReadProcessMemory или WriteProcessMemory был выполнен только частично. (0x12B)
[0125/164502.109:WARNING:pe_image_reader.cc(340)] could not read dos header from C:\Windows\SYSTEM32\WINMMBASE.dll
[0125/164502.109:ERROR:process_memory_win.cc(73)] ReadMemory at 0x7fff02610000 of 64 bytes failed: Запрос ReadProcessMemory или WriteProcessMemory был выполнен только частично. (0x12B)
[0125/164502.109:WARNING:pe_image_reader.cc(340)] could not read dos header from C:\Windows\System32\cfgmgr32.dll
[0125/164502.109:ERROR:process_memory_win.cc(73)] ReadMemory at 0x7fff011e0000 of 64 bytes failed: Запрос ReadProcessMemory или WriteProcessMemory был выполнен только частично. (0x12B)
[0125/164502.109:WARNING:pe_image_reader.cc(340)] could not read dos header from C:\Windows\SYSTEM32\bcrypt.dll
[0125/164502.109:ERROR:process_memory_win.cc(73)] ReadMemory at 0x7fff01580000 of 64 bytes failed: Запрос ReadProcessMemory или WriteProcessMemory был выполнен только частично. (0x12B)
[0125/164502.109:WARNING:pe_image_reader.cc(340)] could not read dos header from C:\Windows\SYSTEM32\SSPICLI.DLL
[0125/164502.109:ERROR:process_memory_win.cc(73)] ReadMemory at 0x7fff010f0000 of 64 bytes failed: Запрос ReadProcessMemory или WriteProcessMemory был выполнен только частично. (0x12B)
[0125/164502.109:WARNING:pe_image_reader.cc(340)] could not read dos header from C:\Windows\SYSTEM32\CRYPTBASE.DLL
[0125/164502.109:ERROR:process_memory_win.cc(73)] ReadMemory at 0x7ffefb640000 of 64 bytes failed: Запрос ReadProcessMemory или WriteProcessMemory был выполнен только частично. (0x12B)
[0125/164502.110:WARNING:pe_image_reader.cc(340)] could not read dos header from C:\Windows\SYSTEM32\mfplat.dll
[0125/164502.110:ERROR:process_memory_win.cc(73)] ReadMemory at 0x7fff016c0000 of 64 bytes failed: Запрос ReadProcessMemory или WriteProcessMemory был выполнен только частично. (0x12B)
[0125/164502.110:WARNING:pe_image_reader.cc(340)] could not read dos header from C:\Windows\System32\kernel.appcore.dll
[0125/164502.110:ERROR:process_memory_win.cc(73)] ReadMemory at 0x7fff03160000 of 64 bytes failed: Запрос ReadProcessMemory или WriteProcessMemory был выполнен только частично. (0x12B)
[0125/164502.110:WARNING:pe_image_reader.cc(340)] could not read dos header from C:\Windows\System32\gdi32.dll
[0125/164502.110:ERROR:process_memory_win.cc(73)] ReadMemory at 0x7fff02660000 of 64 bytes failed: Запрос ReadProcessMemory или WriteProcessMemory был выполнен только частично. (0x12B)
[0125/164502.110:WARNING:pe_image_reader.cc(340)] could not read dos header from C:\Windows\System32\gdi32full.dll
[0125/164502.110:ERROR:process_memory_win.cc(73)] ReadMemory at 0x7fff034a0000 of 64 bytes failed: Запрос ReadProcessMemory или WriteProcessMemory был выполнен только частично. (0x12B)
[0125/164502.110:WARNING:pe_image_reader.cc(340)] could not read dos header from C:\Windows\System32\USER32.dll
[0125/164502.110:ERROR:process_memory_win.cc(73)] ReadMemory at 0x7fff025f0000 of 64 bytes failed: Запрос ReadProcessMemory или WriteProcessMemory был выполнен только частично. (0x12B)
[0125/164502.110:WARNING:pe_image_reader.cc(340)] could not read dos header from C:\Windows\System32\win32u.dll
[0125/164502.110:ERROR:process_memory_win.cc(73)] ReadMemory at 0x22d0a630000 of 64 bytes failed: Запрос ReadProcessMemory или WriteProcessMemory был выполнен только частично. (0x12B)
[0125/164502.110:WARNING:pe_image_reader.cc(340)] could not read dos header from C:\Windows\System32\IMM32.DLL
[0125/164502.110:ERROR:process_memory_win.cc(73)] ReadMemory at 0x7ffefb430000 of 64 bytes failed: Запрос ReadProcessMemory или WriteProcessMemory был выполнен только частично. (0x12B)
[0125/164502.110:WARNING:pe_image_reader.cc(340)] could not read dos header from C:\Windows\SYSTEM32\RTWorkQ.DLL
[0125/164502.110:ERROR:process_memory_win.cc(73)] ReadMemory at 0x7ffeccd10000 of 64 bytes failed: Запрос ReadProcessMemory или WriteProcessMemory был выполнен только частично. (0x12B)
[0125/164502.110:WARNING:pe_image_reader.cc(340)] could not read dos header from C:\Windows\SYSTEM32\msmpeg2vdec.dll
[0125/164502.110:ERROR:process_memory_win.cc(73)] ReadMemory at 0x7ffecd530000 of 64 bytes failed: Запрос ReadProcessMemory или WriteProcessMemory был выполнен только частично. (0x12B)
[0125/164502.110:WARNING:pe_image_reader.cc(340)] could not read dos header from C:\Windows\SYSTEM32\mfperfhelper.dll
[0125/164502.110:ERROR:process_memory_win.cc(73)] ReadMemory at 0x7fff010d0000 of 64 bytes failed: Запрос ReadProcessMemory или WriteProcessMemory был выполнен только частично. (0x12B)
[0125/164502.110:WARNING:pe_image_reader.cc(340)] could not read dos header from C:\Windows\SYSTEM32\cryptsp.dll
[0125/164502.110:ERROR:process_memory_win.cc(73)] ReadMemory at 0x7ffed6640000 of 64 bytes failed: Запрос ReadProcessMemory или WriteProcessMemory был выполнен только частично. (0x12B)
[0125/164502.110:WARNING:pe_image_reader.cc(340)] could not read dos header from C:\Windows\SYSTEM32\evr.dll
[0125/164502.110:ERROR:process_memory_win.cc(73)] ReadMemory at 0x7fff016e0000 of 64 bytes failed: Запрос ReadProcessMemory или WriteProcessMemory был выполнен только частично. (0x12B)
[0125/164502.110:WARNING:pe_image_reader.cc(340)] could not read dos header from C:\Windows\System32\powrprof.dll
[0125/164502.111:ERROR:process_memory_win.cc(73)] ReadMemory at 0x7ffed7e40000 of 64 bytes failed: Запрос ReadProcessMemory или WriteProcessMemory был выполнен только частично. (0x12B)
[0125/164502.111:WARNING:pe_image_reader.cc(340)] could not read dos header from C:\Windows\SYSTEM32\msauddecmft.dll
[0125/164502.255:ERROR:process_memory_win.cc(73)] ReadMemory at 0x817f9e8000 of 98304 bytes failed: Запрос ReadProcessMemory или WriteProcessMemory был выполнен только частично. (0x12B)
[0125/164502.285:ERROR:process_memory_win.cc(73)] ReadMemory at 0x81007fe000 of 8192 bytes failed: Запрос ReadProcessMemory или WriteProcessMemory был выполнен только частично. (0x12B)
[0125/164502.285:ERROR:process_memory_win.cc(73)] ReadMemory at 0x81017fd000 of 12288 bytes failed: Запрос ReadProcessMemory или WriteProcessMemory был выполнен только частично. (0x12B)
[0125/164502.285:ERROR:process_memory_win.cc(73)] ReadMemory at 0x8101ffc000 of 16384 bytes failed: Запрос ReadProcessMemory или WriteProcessMemory был выполнен только частично. (0x12B)
[0125/164502.285:ERROR:process_memory_win.cc(73)] ReadMemory at 0x81027fe000 of 8192 bytes failed: Запрос ReadProcessMemory или WriteProcessMemory был выполнен только частично. (0x12B)
[0125/164502.286:ERROR:process_memory_win.cc(73)] ReadMemory at 0x8102ffe000 of 8192 bytes failed: Запрос ReadProcessMemory или WriteProcessMemory был выполнен только частично. (0x12B)
[0125/164502.286:ERROR:process_memory_win.cc(73)] ReadMemory at 0x8103ffc000 of 16384 bytes failed: Запрос ReadProcessMemory или WriteProcessMemory был выполнен только частично. (0x12B)
[0125/164502.286:ERROR:process_memory_win.cc(73)] ReadMemory at 0x81047fe000 of 8192 bytes failed: Запрос ReadProcessMemory или WriteProcessMemory был выполнен только частично. (0x12B)
[0125/164502.286:ERROR:process_memory_win.cc(73)] ReadMemory at 0x8104ffe000 of 8192 bytes failed: Запрос ReadProcessMemory или WriteProcessMemory был выполнен только частично. (0x12B)
[0125/164502.286:ERROR:process_memory_win.cc(73)] ReadMemory at 0x81057fc000 of 16384 bytes failed: Запрос ReadProcessMemory или WriteProcessMemory был выполнен только частично. (0x12B)
[0125/164502.286:ERROR:process_memory_win.cc(73)] ReadMemory at 0x8105ffe000 of 8192 bytes failed: Запрос ReadProcessMemory или WriteProcessMemory был выполнен только частично. (0x12B)
[0125/164502.286:ERROR:process_memory_win.cc(73)] ReadMemory at 0x81077fe000 of 8192 bytes failed: Запрос ReadProcessMemory или WriteProcessMemory был выполнен только частично. (0x12B)
[0125/164502.286:ERROR:process_memory_win.cc(73)] ReadMemory at 0x81097fc000 of 16384 bytes failed: Запрос ReadProcessMemory или WriteProcessMemory был выполнен только частично. (0x12B)
[0125/164502.286:ERROR:process_memory_win.cc(73)] ReadMemory at 0x810b7fc000 of 16384 bytes failed: Запрос ReadProcessMemory или WriteProcessMemory был выполнен только частично. (0x12B)
[0125/164502.287:ERROR:process_memory_win.cc(73)] ReadMemory at 0x810bffc000 of 16384 bytes failed: Запрос ReadProcessMemory или WriteProcessMemory был выполнен только частично. (0x12B)
[0125/164502.287:ERROR:process_memory_win.cc(73)] ReadMemory at 0x817f01a000 of 852 bytes failed: Запрос ReadProcessMemory или WriteProcessMemory был выполнен только частично. (0x12B)
[0125/164502.287:ERROR:process_memory_win.cc(73)] ReadMemory at 0x817f01b000 of 6024 bytes failed: Запрос ReadProcessMemory или WriteProcessMemory был выполнен только частично. (0x12B)
[0125/164502.287:ERROR:process_memory_win.cc(73)] ReadMemory at 0x817f01d000 of 6024 bytes failed: Запрос ReadProcessMemory или WriteProcessMemory был выполнен только частично. (0x12B)
[0125/164502.287:ERROR:process_memory_win.cc(73)] ReadMemory at 0x817f021000 of 6024 bytes failed: Запрос ReadProcessMemory или WriteProcessMemory был выполнен только частично. (0x12B)
[0125/164502.287:ERROR:process_memory_win.cc(73)] ReadMemory at 0x817f023000 of 6024 bytes failed: Запрос ReadProcessMemory или WriteProcessMemory был выполнен только частично. (0x12B)
[0125/164502.287:ERROR:process_memory_win.cc(73)] ReadMemory at 0x817f025000 of 6024 bytes failed: Запрос ReadProcessMemory или WriteProcessMemory был выполнен только частично. (0x12B)
[0125/164502.287:ERROR:process_memory_win.cc(73)] ReadMemory at 0x817f027000 of 6024 bytes failed: Запрос ReadProcessMemory или WriteProcessMemory был выполнен только частично. (0x12B)
[0125/164502.287:ERROR:process_memory_win.cc(73)] ReadMemory at 0x817f02b000 of 6024 bytes failed: Запрос ReadProcessMemory или WriteProcessMemory был выполнен только частично. (0x12B)
[0125/164502.288:ERROR:process_memory_win.cc(73)] ReadMemory at 0x817f02d000 of 6024 bytes failed: Запрос ReadProcessMemory или WriteProcessMemory был выполнен только частично. (0x12B)
[0125/164502.288:ERROR:process_memory_win.cc(73)] ReadMemory at 0x817f02f000 of 6024 bytes failed: Запрос ReadProcessMemory или WriteProcessMemory был выполнен только частично. (0x12B)
[0125/164502.288:ERROR:process_memory_win.cc(73)] ReadMemory at 0x817f031000 of 6024 bytes failed: Запрос ReadProcessMemory или WriteProcessMemory был выполнен только частично. (0x12B)
[0125/164502.288:ERROR:process_memory_win.cc(73)] ReadMemory at 0x817f033000 of 6024 bytes failed: Запрос ReadProcessMemory или WriteProcessMemory был выполнен только частично. (0x12B)
[0125/164502.288:ERROR:process_memory_win.cc(73)] ReadMemory at 0x817f039000 of 6024 bytes failed: Запрос ReadProcessMemory или WriteProcessMemory был выполнен только частично. (0x12B)
[0125/164502.288:ERROR:process_memory_win.cc(73)] ReadMemory at 0x817f041000 of 6024 bytes failed: Запрос ReadProcessMemory или WriteProcessMemory был выполнен только частично. (0x12B)
[0125/164502.288:ERROR:process_memory_win.cc(73)] ReadMemory at 0x817f049000 of 6024 bytes failed: Запрос ReadProcessMemory или WriteProcessMemory был выполнен только частично. (0x12B)
[0125/164502.288:ERROR:process_memory_win.cc(73)] ReadMemory at 0x817f04b000 of 6024 bytes failed: Запрос ReadProcessMemory или WriteProcessMemory был выполнен только частично. (0x12B)
[0125/164502.288:ERROR:process_memory_win.cc(73)] ReadMemory at 0x22d089d0000 of 720 bytes failed: Запрос ReadProcessMemory или WriteProcessMemory был выполнен только частично. (0x12B)
[0125/164502.288:ERROR:process_memory_win.cc(73)] ReadMemory at 0x22d089d0fc0 of 16282 bytes failed: Запрос ReadProcessMemory или WriteProcessMemory был выполнен только частично. (0x12B)
[0125/164502.289:ERROR:process_memory_win.cc(73)] ReadMemory at 0x22d089d4f70 of 1012 bytes failed: Запрос ReadProcessMemory или WriteProcessMemory был выполнен только частично. (0x12B)
[0125/164502.289:ERROR:process_memory_win.cc(73)] ReadMemory at 0x22d089d5588 of 148 bytes failed: Запрос ReadProcessMemory или WriteProcessMemory был выполнен только частично. (0x12B)
[0125/164502.289:ERROR:process_memory_win.cc(73)] ReadMemory at 0x22d089d561e of 660 bytes failed: Запрос ReadProcessMemory или WriteProcessMemory был выполнен только частично. (0x12B)
[0125/164502.289:ERROR:process_memory_win.cc(73)] ReadMemory at 0x22d089d58b4 of 148 bytes failed: Запрос ReadProcessMemory или WriteProcessMemory был выполнен только частично. (0x12B)
[0125/164502.289:ERROR:process_memory_win.cc(73)] ReadMemory at 0x22d089d594a of 96 bytes failed: Запрос ReadProcessMemory или WriteProcessMemory был выполнен только частично. (0x12B)
[0125/164502.289:ERROR:process_memory_win.cc(73)] ReadMemory at 0x22d089d59c0 of 58 bytes failed: Запрос ReadProcessMemory или WriteProcessMemory был выполнен только частично. (0x12B)
[0125/164502.289:ERROR:process_memory_win.cc(73)] ReadMemory at 0x22d089d5ac0 of 132 bytes failed: Запрос ReadProcessMemory или WriteProcessMemory был выполнен только частично. (0x12B)
[0125/164502.289:ERROR:process_memory_win.cc(73)] ReadMemory at 0x22d089d5c50 of 132 bytes failed: Запрос ReadProcessMemory или WriteProcessMemory был выполнен только частично. (0x12B)
[0125/164502.289:ERROR:process_memory_win.cc(73)] ReadMemory at 0x22d089d5e10 of 142 bytes failed: Запрос ReadProcessMemory или WriteProcessMemory был выполнен только частично. (0x12B)
[0125/164502.388:ERROR:process_memory_win.cc(73)] ReadMemory at 0x22d089d6310 of 132 bytes failed: Запрос ReadProcessMemory или WriteProcessMemory был выполнен только частично. (0x12B)
[0125/164502.396:ERROR:process_memory_win.cc(73)] ReadMemory at 0x22d089d64a0 of 64 bytes failed: Запрос ReadProcessMemory или WriteProcessMemory был выполнен только частично. (0x12B)
[0125/164502.396:ERROR:process_memory_win.cc(73)] ReadMemory at 0x22d089d6670 of 132 bytes failed: Запрос ReadProcessMemory или WriteProcessMemory был выполнен только частично. (0x12B)
[0125/164502.396:ERROR:process_memory_win.cc(73)] ReadMemory at 0x22d089d68e0 of 132 bytes failed: Запрос ReadProcessMemory или WriteProcessMemory был выполнен только частично. (0x12B)
[0125/164502.396:ERROR:process_memory_win.cc(73)] ReadMemory at 0x22d089d6a70 of 68 bytes failed: Запрос ReadProcessMemory или WriteProcessMemory был выполнен только частично. (0x12B)
[0125/164502.397:ERROR:process_memory_win.cc(73)] ReadMemory at 0x22d089d78e0 of 132 bytes failed: Запрос ReadProcessMemory или WriteProcessMemory был выполнен только частично. (0x12B)
[0125/164502.397:ERROR:process_memory_win.cc(73)] ReadMemory at 0x22d089d7a70 of 170 bytes failed: Запрос ReadProcessMemory или WriteProcessMemory был выполнен только частично. (0x12B)
[0125/164502.397:ERROR:process_memory_win.cc(73)] ReadMemory at 0x22d089d88c0 of 62 bytes failed: Запрос ReadProcessMemory или WriteProcessMemory был выполнен только частично. (0x12B)
[0125/164502.397:ERROR:process_memory_win.cc(73)] ReadMemory at 0x22d089d89f0 of 132 bytes failed: Запрос ReadProcessMemory или WriteProcessMemory был выполнен только частично. (0x12B)
[0125/164502.397:ERROR:process_memory_win.cc(73)] ReadMemory at 0x22d089d8b80 of 60 bytes failed: Запрос ReadProcessMemory или WriteProcessMemory был выполнен только частично. (0x12B)
[0125/164502.397:ERROR:process_memory_win.cc(73)] ReadMemory at 0x22d089e7730 of 64 bytes failed: Запрос ReadProcessMemory или WriteProcessMemory был выполнен только частично. (0x12B)
[0125/164502.397:ERROR:process_memory_win.cc(73)] ReadMemory at 0x22d089e77d0 of 60 bytes failed: Запрос ReadProcessMemory или WriteProcessMemory был выполнен только частично. (0x12B)
[0125/164502.397:ERROR:process_memory_win.cc(73)] ReadMemory at 0x22d089e7820 of 60 bytes failed: Запрос ReadProcessMemory или WriteProcessMemory был выполнен только частично. (0x12B)
[0125/164502.397:ERROR:process_memory_win.cc(73)] ReadMemory at 0x22d089e79b0 of 64 bytes failed: Запрос ReadProcessMemory или WriteProcessMemory был выполнен только частично. (0x12B)
[0125/164502.398:ERROR:process_memory_win.cc(73)] ReadMemory at 0x22d089e7a00 of 60 bytes failed: Запрос ReadProcessMemory или WriteProcessMemory был выполнен только частично. (0x12B)
[0125/164502.398:ERROR:process_memory_win.cc(73)] ReadMemory at 0x22d089e7b40 of 64 bytes failed: Запрос ReadProcessMemory или WriteProcessMemory был выполнен только частично. (0x12B)
[0125/164502.398:ERROR:process_memory_win.cc(73)] ReadMemory at 0x22d089e7b90 of 62 bytes failed: Запрос ReadProcessMemory или WriteProcessMemory был выполнен только частично. (0x12B)
[0125/164502.398:ERROR:process_memory_win.cc(73)] ReadMemory at 0x22d089e7be0 of 64 bytes failed: Запрос ReadProcessMemory или WriteProcessMemory был выполнен только частично. (0x12B)
[0125/164502.398:ERROR:process_memory_win.cc(73)] ReadMemory at 0x22d089e7e10 of 62 bytes failed: Запрос ReadProcessMemory или WriteProcessMemory был выполнен только частично. (0x12B)
[0125/164502.398:ERROR:process_memory_win.cc(73)] ReadMemory at 0x22d089e7f00 of 62 bytes failed: Запрос ReadProcessMemory или WriteProcessMemory был выполнен только частично. (0x12B)
[0125/164502.398:ERROR:process_memory_win.cc(73)] ReadMemory at 0x22d089e8040 of 64 bytes failed: Запрос ReadProcessMemory или WriteProcessMemory был выполнен только частично. (0x12B)
[0125/164502.398:ERROR:process_memory_win.cc(73)] ReadMemory at 0x22d089e8180 of 62 bytes failed: Запрос ReadProcessMemory или WriteProcessMemory был выполнен только частично. (0x12B)
[0125/164502.398:ERROR:process_memory_win.cc(73)] ReadMemory at 0x22d089e81d0 of 64 bytes failed: Запрос ReadProcessMemory или WriteProcessMemory был выполнен только частично. (0x12B)
[0125/164502.399:ERROR:process_memory_win.cc(73)] ReadMemory at 0x22d089e8310 of 60 bytes failed: Запрос ReadProcessMemory или WriteProcessMemory был выполнен только частично. (0x12B)
[0125/164502.690:ERROR:process_memory_win.cc(73)] ReadMemory at 0x22d089e8360 of 66 bytes failed: Запрос ReadProcessMemory или WriteProcessMemory был выполнен только частично. (0x12B)
[0125/164502.691:ERROR:process_memory_win.cc(73)] ReadMemory at 0x22d089e8400 of 62 bytes failed: Запрос ReadProcessMemory или WriteProcessMemory был выполнен только частично. (0x12B)
[0125/164502.691:ERROR:process_memory_win.cc(73)] ReadMemory at 0x22d089e8450 of 64 bytes failed: Запрос ReadProcessMemory или WriteProcessMemory был выполнен только частично. (0x12B)
[0125/164502.691:ERROR:process_memory_win.cc(73)] ReadMemory at 0x22d089e84f0 of 62 bytes failed: Запрос ReadProcessMemory или WriteProcessMemory был выполнен только частично. (0x12B)
[0125/164502.691:ERROR:process_memory_win.cc(73)] ReadMemory at 0x22d089e8590 of 62 bytes failed: Запрос ReadProcessMemory или WriteProcessMemory был выполнен только частично. (0x12B)
[0125/164502.691:ERROR:process_memory_win.cc(73)] ReadMemory at 0x22d089e8630 of 62 bytes failed: Запрос ReadProcessMemory или WriteProcessMemory был выполнен только частично. (0x12B)
[0125/164502.691:ERROR:process_memory_win.cc(73)] ReadMemory at 0x22d089e8680 of 58 bytes failed: Запрос ReadProcessMemory или WriteProcessMemory был выполнен только частично. (0x12B)
[0125/164502.691:ERROR:process_memory_win.cc(73)] ReadMemory at 0x22d089eb960 of 132 bytes failed: Запрос ReadProcessMemory или WriteProcessMemory был выполнен только частично. (0x12B)
[0125/164502.691:ERROR:process_memory_win.cc(73)] ReadMemory at 0x22d089ec260 of 80 bytes failed: Запрос ReadProcessMemory или WriteProcessMemory был выполнен только частично. (0x12B)
[0125/164502.691:ERROR:process_memory_win.cc(73)] ReadMemory at 0x22d089ec3e0 of 80 bytes failed: Запрос ReadProcessMemory или WriteProcessMemory был выполнен только частично. (0x12B)
[0125/164502.691:ERROR:process_memory_win.cc(73)] ReadMemory at 0x22d089ece90 of 132 bytes failed: Запрос ReadProcessMemory или WriteProcessMemory был выполнен только частично. (0x12B)
[0125/164502.691:ERROR:process_memory_win.cc(73)] ReadMemory at 0x22d089ecfc0 of 132 bytes failed: Запрос ReadProcessMemory или WriteProcessMemory был выполнен только частично. (0x12B)
[0125/164502.692:ERROR:process_memory_win.cc(73)] ReadMemory at 0x22d089ed0f0 of 132 bytes failed: Запрос ReadProcessMemory или WriteProcessMemory был выполнен только частично. (0x12B)
[0125/164502.692:ERROR:process_memory_win.cc(73)] ReadMemory at 0x22d089ed220 of 132 bytes failed: Запрос ReadProcessMemory или WriteProcessMemory был выполнен только частично. (0x12B)
[0125/164502.693:ERROR:process_memory_win.cc(73)] ReadMemory at 0x22d089ed350 of 132 bytes failed: Запрос ReadProcessMemory или WriteProcessMemory был выполнен только частично. (0x12B)
[0125/164502.693:ERROR:process_memory_win.cc(73)] ReadMemory at 0x22d089ed480 of 132 bytes failed: Запрос ReadProcessMemory или WriteProcessMemory был выполнен только частично. (0x12B)
[0125/164502.693:ERROR:process_memory_win.cc(73)] ReadMemory at 0x22d089ed5b0 of 132 bytes failed: Запрос ReadProcessMemory или WriteProcessMemory был выполнен только частично. (0x12B)
[0125/164502.693:ERROR:process_memory_win.cc(73)] ReadMemory at 0x22d089ed6e0 of 132 bytes failed: Запрос ReadProcessMemory или WriteProcessMemory был выполнен только частично. (0x12B)
[0125/164502.693:ERROR:process_memory_win.cc(73)] ReadMemory at 0x22d089ed940 of 132 bytes failed: Запрос ReadProcessMemory или WriteProcessMemory был выполнен только частично. (0x12B)
[0125/164502.693:ERROR:process_memory_win.cc(73)] ReadMemory at 0x22d089edcd0 of 132 bytes failed: Запрос ReadProcessMemory или WriteProcessMemory был выполнен только частично. (0x12B)
[0125/164502.693:ERROR:process_memory_win.cc(73)] ReadMemory at 0x22d089ede00 of 132 bytes failed: Запрос ReadProcessMemory или WriteProcessMemory был выполнен только частично. (0x12B)
[0125/164502.693:ERROR:process_memory_win.cc(73)] ReadMemory at 0x22d089ee060 of 132 bytes failed: Запрос ReadProcessMemory или WriteProcessMemory был выполнен только частично. (0x12B)
[0125/164502.694:ERROR:process_memory_win.cc(73)] ReadMemory at 0x22d089ee190 of 132 bytes failed: Запрос ReadProcessMemory или WriteProcessMemory был выполнен только частично. (0x12B)
[0125/164502.869:ERROR:process_memory_win.cc(73)] ReadMemory at 0x22d089ee2c0 of 132 bytes failed: Запрос ReadProcessMemory или WriteProcessMemory был выполнен только частично. (0x12B)
[0125/164502.870:ERROR:process_memory_win.cc(73)] ReadMemory at 0x22d089ee3f0 of 132 bytes failed: Запрос ReadProcessMemory или WriteProcessMemory был выполнен только частично. (0x12B)
[0125/164502.870:ERROR:process_memory_win.cc(73)] ReadMemory at 0x22d089ee520 of 132 bytes failed: Запрос ReadProcessMemory или WriteProcessMemory был выполнен только частично. (0x12B)
[0125/164502.870:ERROR:process_memory_win.cc(73)] ReadMemory at 0x22d089ee650 of 132 bytes failed: Запрос ReadProcessMemory или WriteProcessMemory был выполнен только частично. (0x12B)
[0125/164502.870:ERROR:process_memory_win.cc(73)] ReadMemory at 0x22d089ee780 of 132 bytes failed: Запрос ReadProcessMemory или WriteProcessMemory был выполнен только частично. (0x12B)
[0125/164502.870:ERROR:process_memory_win.cc(73)] ReadMemory at 0x22d089ee8b0 of 132 bytes failed: Запрос ReadProcessMemory или WriteProcessMemory был выполнен только частично. (0x12B)
[0125/164502.870:ERROR:process_memory_win.cc(73)] ReadMemory at 0x22d089ee9e0 of 132 bytes failed: Запрос ReadProcessMemory или WriteProcessMemory был выполнен только частично. (0x12B)
[0125/164502.870:ERROR:process_memory_win.cc(73)] ReadMemory at 0x22d089eeb10 of 132 bytes failed: Запрос ReadProcessMemory или WriteProcessMemory был выполнен только частично. (0x12B)
[0125/164502.870:ERROR:process_memory_win.cc(73)] ReadMemory at 0x22d089f0110 of 54 bytes failed: Запрос ReadProcessMemory или WriteProcessMemory был выполнен только частично. (0x12B)
[0125/164502.870:ERROR:process_memory_win.cc(73)] ReadMemory at 0x22d089f24a0 of 132 bytes failed: Запрос ReadProcessMemory или WriteProcessMemory был выполнен только частично. (0x12B)
[0125/164502.870:ERROR:process_memory_win.cc(73)] ReadMemory at 0x22d089f25d0 of 162 bytes failed: Запрос ReadProcessMemory или WriteProcessMemory был выполнен только частично. (0x12B)
[0125/164502.870:ERROR:process_memory_win.cc(73)] ReadMemory at 0x22d089f2840 of 132 bytes failed: Запрос ReadProcessMemory или WriteProcessMemory был выполнен только частично. (0x12B)
[0125/164502.870:ERROR:process_memory_win.cc(73)] ReadMemory at 0x22d089f2a50 of 132 bytes failed: Запрос ReadProcessMemory или WriteProcessMemory был выполнен только частично. (0x12B)
[0125/164502.871:ERROR:process_memory_win.cc(73)] ReadMemory at 0x22d089f5390 of 132 bytes failed: Запрос ReadProcessMemory или WriteProcessMemory был выполнен только частично. (0x12B)
[0125/164502.871:ERROR:process_memory_win.cc(73)] ReadMemory at 0x22d089f5840 of 132 bytes failed: Запрос ReadProcessMemory или WriteProcessMemory был выполнен только частично. (0x12B)
[0125/164502.871:ERROR:process_memory_win.cc(73)] ReadMemory at 0x22d089f5a50 of 132 bytes failed: Запрос ReadProcessMemory или WriteProcessMemory был выполнен только частично. (0x12B)
[0125/164502.871:ERROR:process_memory_win.cc(73)] ReadMemory at 0x22d089f72a0 of 132 bytes failed: Запрос ReadProcessMemory или WriteProcessMemory был выполнен только частично. (0x12B)
[0125/164502.871:ERROR:process_memory_win.cc(73)] ReadMemory at 0x22d089f73d0 of 132 bytes failed: Запрос ReadProcessMemory или WriteProcessMemory был выполнен только частично. (0x12B)
[0125/164502.871:ERROR:process_memory_win.cc(73)] ReadMemory at 0x22d089f7500 of 132 bytes failed: Запрос ReadProcessMemory или WriteProcessMemory был выполнен только частично. (0x12B)
[0125/164502.871:ERROR:process_memory_win.cc(73)] ReadMemory at 0x22d089f7630 of 132 bytes failed: Запрос ReadProcessMemory или WriteProcessMemory был выполнен только частично. (0x12B)
[0125/164502.871:ERROR:process_memory_win.cc(73)] ReadMemory at 0x22d089f7760 of 132 bytes failed: Запрос ReadProcessMemory или WriteProcessMemory был выполнен только частично. (0x12B)
[0125/164502.871:ERROR:process_memory_win.cc(73)] ReadMemory at 0x22d089f7890 of 132 bytes failed: Запрос ReadProcessMemory или WriteProcessMemory был выполнен только частично. (0x12B)
[0125/164502.871:ERROR:process_memory_win.cc(73)] ReadMemory at 0x22d089f79c0 of 132 bytes failed: Запрос ReadProcessMemory или WriteProcessMemory был выполнен только частично. (0x12B)
[0125/164502.872:ERROR:process_memory_win.cc(73)] ReadMemory at 0x22d089f7af0 of 132 bytes failed: Запрос ReadProcessMemory или WriteProcessMemory был выполнен только частично. (0x12B)
[0125/164502.872:ERROR:process_memory_win.cc(73)] ReadMemory at 0x22d089f7c20 of 132 bytes failed: Запрос ReadProcessMemory или WriteProcessMemory был выполнен только частично. (0x12B)
[0125/164502.872:ERROR:process_memory_win.cc(73)] ReadMemory at 0x22d089f7d50 of 132 bytes failed: Запрос ReadProcessMemory или WriteProcessMemory был выполнен только частично. (0x12B)
[0125/164502.872:ERROR:process_memory_win.cc(73)] ReadMemory at 0x22d089f7e80 of 132 bytes failed: Запрос ReadProcessMemory или WriteProcessMemory был выполнен только частично. (0x12B)
[0125/164502.872:ERROR:process_memory_win.cc(73)] ReadMemory at 0x22d089f7fb0 of 132 bytes failed: Запрос ReadProcessMemory или WriteProcessMemory был выполнен только частично. (0x12B)
[0125/164502.872:ERROR:process_memory_win.cc(73)] ReadMemory at 0x22d089f8350 of 132 bytes failed: Запрос ReadProcessMemory или WriteProcessMemory был выполнен только частично. (0x12B)
[0125/164502.872:ERROR:process_memory_win.cc(73)] ReadMemory at 0x22d089faa70 of 132 bytes failed: Запрос ReadProcessMemory или WriteProcessMemory был выполнен только частично. (0x12B)
[0125/164502.872:ERROR:process_memory_win.cc(73)] ReadMemory at 0x22d089fac90 of 132 bytes failed: Запрос ReadProcessMemory или WriteProcessMemory был выполнен только частично. (0x12B)
[0125/164502.872:ERROR:process_memory_win.cc(73)] ReadMemory at 0x22d089fbeb0 of 64 bytes failed: Запрос ReadProcessMemory или WriteProcessMemory был выполнен только частично. (0x12B)
[0125/164502.872:ERROR:process_memory_win.cc(73)] ReadMemory at 0x22d089fc130 of 62 bytes failed: Запрос ReadProcessMemory или WriteProcessMemory был выполнен только частично. (0x12B)
[0125/164502.872:ERROR:process_memory_win.cc(73)] ReadMemory at 0x22d089fc5e0 of 66 bytes failed: Запрос ReadProcessMemory или WriteProcessMemory был выполнен только частично. (0x12B)
[0125/164502.872:ERROR:process_memory_win.cc(73)] ReadMemory at 0x22d089fc8b0 of 60 bytes failed: Запрос ReadProcessMemory или WriteProcessMemory был выполнен только частично. (0x12B)
[0125/164502.872:ERROR:process_memory_win.cc(73)] ReadMemory at 0x22d08a44d10 of 560 bytes failed: Запрос ReadProcessMemory или WriteProcessMemory был выполнен только частично. (0x12B)
[0125/164502.873:ERROR:process_memory_win.cc(73)] ReadMemory at 0x22d08a46240 of 66 bytes failed: Запрос ReadProcessMemory или WriteProcessMemory был выполнен только частично. (0x12B)
[0125/164502.873:ERROR:process_memory_win.cc(73)] ReadMemory at 0x22d08a58800 of 54 bytes failed: Запрос ReadProcessMemory или WriteProcessMemory был выполнен только частично. (0x12B)
[0125/164502.873:ERROR:process_memory_win.cc(73)] ReadMemory at 0x22d08a59e00 of 62 bytes failed: Запрос ReadProcessMemory или WriteProcessMemory был выполнен только частично. (0x12B)
[0125/164502.873:ERROR:process_memory_win.cc(73)] ReadMemory at 0x22d08a59f90 of 58 bytes failed: Запрос ReadProcessMemory или WriteProcessMemory был выполнен только частично. (0x12B)
[0125/164502.873:ERROR:process_memory_win.cc(73)] ReadMemory at 0x22d08a5a260 of 58 bytes failed: Запрос ReadProcessMemory или WriteProcessMemory был выполнен только частично. (0x12B)
[0125/164502.873:ERROR:process_memory_win.cc(73)] ReadMemory at 0x22d08a5a300 of 60 bytes failed: Запрос ReadProcessMemory или WriteProcessMemory был выполнен только частично. (0x12B)
[0125/164502.873:ERROR:process_memory_win.cc(73)] ReadMemory at 0x22d08a5a350 of 60 bytes failed: Запрос ReadProcessMemory или WriteProcessMemory был выполнен только частично. (0x12B)
[0125/164502.873:ERROR:process_memory_win.cc(73)] ReadMemory at 0x22d08a5a3f0 of 60 bytes failed: Запрос ReadProcessMemory или WriteProcessMemory был выполнен только частично. (0x12B)
[0125/164502.873:ERROR:process_memory_win.cc(73)] ReadMemory at 0x22d08a5ac60 of 66 bytes failed: Запрос ReadProcessMemory или WriteProcessMemory был выполнен только частично. (0x12B)
[0125/164502.873:ERROR:process_memory_win.cc(73)] ReadMemory at 0x22d08a5acb0 of 70 bytes failed: Запрос ReadProcessMemory или WriteProcessMemory был выполнен только частично. (0x12B)
[0125/164502.873:ERROR:process_memory_win.cc(73)] ReadMemory at 0x22d08a5ada0 of 64 bytes failed: Запрос ReadProcessMemory или WriteProcessMemory был выполнен только частично. (0x12B)
[0125/164502.874:ERROR:process_memory_win.cc(73)] ReadMemory at 0x22d08a5aee0 of 62 bytes failed: Запрос ReadProcessMemory или WriteProcessMemory был выполнен только частично. (0x12B)
[0125/164502.874:ERROR:process_memory_win.cc(73)] ReadMemory at 0x22d08a62890 of 72 bytes failed: Запрос ReadProcessMemory или WriteProcessMemory был выполнен только частично. (0x12B)
[0125/164502.874:ERROR:process_memory_win.cc(73)] ReadMemory at 0x22d08a62b90 of 76 bytes failed: Запрос ReadProcessMemory или WriteProcessMemory был выполнен только частично. (0x12B)
[0125/164502.874:ERROR:process_memory_win.cc(73)] ReadMemory at 0x22d08a6a440 of 512 bytes failed: Запрос ReadProcessMemory или WriteProcessMemory был выполнен только частично. (0x12B)
[0125/164502.874:ERROR:process_memory_win.cc(73)] ReadMemory at 0x22d08a6acd0 of 512 bytes failed: Запрос ReadProcessMemory или WriteProcessMemory был выполнен только частично. (0x12B)
[0125/164502.874:ERROR:process_memory_win.cc(73)] ReadMemory at 0x22d08a6dd00 of 512 bytes failed: Запрос ReadProcessMemory или WriteProcessMemory был выполнен только частично. (0x12B)
[0125/164502.874:ERROR:process_memory_win.cc(73)] ReadMemory at 0x22d08a83620 of 512 bytes failed: Запрос ReadProcessMemory или WriteProcessMemory был выполнен только частично. (0x12B)
[0125/164502.874:ERROR:process_memory_win.cc(73)] ReadMemory at 0x22d08a8b580 of 712 bytes failed: Запрос ReadProcessMemory или WriteProcessMemory был выполнен только частично. (0x12B)
[0125/164502.874:ERROR:process_memory_win.cc(73)] ReadMemory at 0x22d08aacf60 of 512 bytes failed: Запрос ReadProcessMemory или WriteProcessMemory был выполнен только частично. (0x12B)
[0125/164502.874:ERROR:process_memory_win.cc(73)] ReadMemory at 0x22d08ab8640 of 512 bytes failed: Запрос ReadProcessMemory или WriteProcessMemory был выполнен только частично. (0x12B)
[0125/164502.875:ERROR:process_memory_win.cc(73)] ReadMemory at 0x22d08ab89e0 of 512 bytes failed: Запрос ReadProcessMemory или WriteProcessMemory был выполнен только частично. (0x12B)
[0125/164502.875:ERROR:process_memory_win.cc(73)] ReadMemory at 0x22d08ab99f0 of 512 bytes failed: Запрос ReadProcessMemory или WriteProcessMemory был выполнен только частично. (0x12B)
[0125/164502.875:ERROR:process_memory_win.cc(73)] ReadMemory at 0x22d08bb0ca0 of 1088 bytes failed: Запрос ReadProcessMemory или WriteProcessMemory был выполнен только частично. (0x12B)
[0125/164502.875:ERROR:process_memory_win.cc(73)] ReadMemory at 0x22d08bb1ba0 of 512 bytes failed: Запрос ReadProcessMemory или WriteProcessMemory был выполнен только частично. (0x12B)
[0125/164502.876:ERROR:process_memory_win.cc(73)] ReadMemory at 0x22d0a760000 of 384 bytes failed: Запрос ReadProcessMemory или WriteProcessMemory был выполнен только частично. (0x12B)
[0125/164502.876:ERROR:process_memory_win.cc(73)] ReadMemory at 0x22d0a782b60 of 512 bytes failed: Запрос ReadProcessMemory или WriteProcessMemory был выполнен только частично. (0x12B)
[0125/164502.876:ERROR:process_memory_win.cc(73)] ReadMemory at 0x22d0a78f350 of 512 bytes failed: Запрос ReadProcessMemory или WriteProcessMemory был выполнен только частично. (0x12B)
[0125/164502.876:ERROR:process_memory_win.cc(73)] ReadMemory at 0x22d0a7b8610 of 544 bytes failed: Запрос ReadProcessMemory или WriteProcessMemory был выполнен только частично. (0x12B)
[0125/164502.876:ERROR:process_memory_win.cc(73)] ReadMemory at 0x22d0a804ad0 of 512 bytes failed: Запрос ReadProcessMemory или WriteProcessMemory был выполнен только частично. (0x12B)
[0125/164502.876:ERROR:process_memory_win.cc(73)] ReadMemory at 0x22d0a80ebe0 of 560 bytes failed: Запрос ReadProcessMemory или WriteProcessMemory был выполнен только частично. (0x12B)
[0125/164502.876:ERROR:process_memory_win.cc(73)] ReadMemory at 0x22d0aaaa430 of 512 bytes failed: Запрос ReadProcessMemory или WriteProcessMemory был выполнен только частично. (0x12B)
[0125/164502.876:ERROR:process_memory_win.cc(73)] ReadMemory at 0x22d0aaab5e0 of 512 bytes failed: Запрос ReadProcessMemory или WriteProcessMemory был выполнен только частично. (0x12B)
[0125/164502.876:ERROR:process_memory_win.cc(73)] ReadMemory at 0x22d0ab05380 of 512 bytes failed: Запрос ReadProcessMemory или WriteProcessMemory был выполнен только частично. (0x12B)
[0125/164502.876:ERROR:process_memory_win.cc(73)] ReadMemory at 0x22d0ab50930 of 512 bytes failed: Запрос ReadProcessMemory или WriteProcessMemory был выполнен только частично. (0x12B)
[0125/164502.876:ERROR:process_memory_win.cc(73)] ReadMemory at 0x22d0ab94188 of 512 bytes failed: Запрос ReadProcessMemory или WriteProcessMemory был выполнен только частично. (0x12B)
[0125/164502.876:ERROR:process_memory_win.cc(73)] ReadMemory at 0x22d0b275a98 of 512 bytes failed: Запрос ReadProcessMemory или WriteProcessMemory был выполнен только частично. (0x12B)
[0125/164502.877:ERROR:process_memory_win.cc(73)] ReadMemory at 0x22d0b328cf0 of 512 bytes failed: Запрос ReadProcessMemory или WriteProcessMemory был выполнен только частично. (0x12B)
[0125/164502.877:ERROR:process_memory_win.cc(73)] ReadMemory at 0x22d0b359ec4 of 512 bytes failed: Запрос ReadProcessMemory или WriteProcessMemory был выполнен только частично. (0x12B)
[0125/164502.877:ERROR:process_memory_win.cc(73)] ReadMemory at 0x22d0b4e9760 of 512 bytes failed: Запрос ReadProcessMemory или WriteProcessMemory был выполнен только частично. (0x12B)
[0125/164502.877:ERROR:process_memory_win.cc(73)] ReadMemory at 0x22d0bef97a0 of 512 bytes failed: Запрос ReadProcessMemory или WriteProcessMemory был выполнен только частично. (0x12B)
[0125/164502.877:ERROR:process_memory_win.cc(73)] ReadMemory at 0x22d0bf68f90 of 528 bytes failed: Запрос ReadProcessMemory или WriteProcessMemory был выполнен только частично. (0x12B)
[0125/164502.877:ERROR:process_memory_win.cc(73)] ReadMemory at 0x22d12e60340 of 512 bytes failed: Запрос ReadProcessMemory или WriteProcessMemory был выполнен только частично. (0x12B)
[0125/164502.877:ERROR:process_memory_win.cc(73)] ReadMemory at 0x22d14e47fa0 of 512 bytes failed: Запрос ReadProcessMemory или WriteProcessMemory был выполнен только частично. (0x12B)
[0125/164502.877:ERROR:process_memory_win.cc(73)] ReadMemory at 0x6d8a00000000 of 384 bytes failed: Запрос ReadProcessMemory или WriteProcessMemory был выполнен только частично. (0x12B)
[0125/164502.877:ERROR:process_memory_win.cc(73)] ReadMemory at 0x6d8a08040000 of 384 bytes failed: Запрос ReadProcessMemory или WriteProcessMemory был выполнен только частично. (0x12B)
[0125/164502.877:ERROR:process_memory_win.cc(73)] ReadMemory at 0x6d8a0a8bff80 of 512 bytes failed: Запрос ReadProcessMemory или WriteProcessMemory был выполнен только частично. (0x12B)
[0125/164502.878:ERROR:process_memory_win.cc(73)] ReadMemory at 0x6d8a0a9cb875 of 512 bytes failed: Запрос ReadProcessMemory или WriteProcessMemory был выполнен только частично. (0x12B)
[0125/164502.878:ERROR:process_memory_win.cc(73)] ReadMemory at 0x6d8a130928ad of 611 bytes failed: Запрос ReadProcessMemory или WriteProcessMemory был выполнен только частично. (0x12B)
[0125/164502.878:ERROR:process_memory_win.cc(73)] ReadMemory at 0x7ffe907e0000 of 384 bytes failed: Запрос ReadProcessMemory или WriteProcessMemory был выполнен только частично. (0x12B)
[0125/164502.878:ERROR:process_memory_win.cc(73)] ReadMemory at 0x7ffe92ce4adc of 512 bytes failed: Запрос ReadProcessMemory или WriteProcessMemory был выполнен только частично. (0x12B)
[0125/164502.980:ERROR:process_memory_win.cc(73)] ReadMemory at 0x7ffe9327d147 of 512 bytes failed: Запрос ReadProcessMemory или WriteProcessMemory был выполнен только частично. (0x12B)
[0125/164502.980:ERROR:process_memory_win.cc(73)] ReadMemory at 0x7ffe96b57900 of 512 bytes failed: Запрос ReadProcessMemory или WriteProcessMemory был выполнен только частично. (0x12B)
[0125/164502.980:ERROR:process_memory_win.cc(73)] ReadMemory at 0x7ffe97b191c0 of 512 bytes failed: Запрос ReadProcessMemory или WriteProcessMemory был выполнен только частично. (0x12B)
[0125/164502.980:ERROR:process_memory_win.cc(73)] ReadMemory at 0x7ffe97b2006b of 512 bytes failed: Запрос ReadProcessMemory или WriteProcessMemory был выполнен только частично. (0x12B)
[0125/164502.980:ERROR:process_memory_win.cc(73)] ReadMemory at 0x7ffe98764010 of 512 bytes failed: Запрос ReadProcessMemory или WriteProcessMemory был выполнен только частично. (0x12B)
[0125/164502.980:ERROR:process_memory_win.cc(73)] ReadMemory at 0x7fff02393f38 of 512 bytes failed: Запрос ReadProcessMemory или WriteProcessMemory был выполнен только частично. (0x12B)
[0125/164502.980:ERROR:process_memory_win.cc(73)] ReadMemory at 0x7fff03a02480 of 512 bytes failed: Запрос ReadProcessMemory или WriteProcessMemory был выполнен только частично. (0x12B)
[0125/164502.981:ERROR:process_memory_win.cc(73)] ReadMemory at 0x7fff05363ed0 of 512 bytes failed: Запрос ReadProcessMemory или WriteProcessMemory был выполнен только частично. (0x12B)
[0125/164502.981:ERROR:process_memory_win.cc(73)] ReadMemory at 0x7fff05364220 of 512 bytes failed: Запрос ReadProcessMemory или WriteProcessMemory был выполнен только частично. (0x12B)
[0125/164502.981:ERROR:process_memory_win.cc(73)] ReadMemory at 0x7fff05366300 of 512 bytes failed: Запрос ReadProcessMemory или WriteProcessMemory был выполнен только частично. (0x12B)
[0125/164502.981:ERROR:process_memory_win.cc(73)] ReadMemory at 0x7fff053cfe44 of 672 bytes failed: Запрос ReadProcessMemory или WriteProcessMemory был выполнен только частично. (0x12B)
[0125/164502.981:ERROR:process_memory_win.cc(73)] ReadMemory at 0x7fff053d0444 of 512 bytes failed: Запрос ReadProcessMemory или WriteProcessMemory был выполнен только частично. (0x12B)
[0125/164502.981:ERROR:process_memory_win.cc(73)] ReadMemory at 0x7fff053d3674 of 608 bytes failed: Запрос ReadProcessMemory или WriteProcessMemory был выполнен только частично. (0x12B)
[0125/164502.981:ERROR:process_memory_win.cc(73)] ReadMemory at 0x7fff05456720 of 18 bytes failed: Запрос ReadProcessMemory или WriteProcessMemory был выполнен только частично. (0x12B)
[0125/164502.981:ERROR:process_memory_win.cc(73)] ReadMemory at 0x7fff05489518 of 40 bytes failed: Запрос ReadProcessMemory или WriteProcessMemory был выполнен только частично. (0x12B)
[0125/164502.981:ERROR:process_memory_win.cc(73)] ReadMemory at 0x7fff05489928 of 48 bytes failed: Запрос ReadProcessMemory или WriteProcessMemory был выполнен только частично. (0x12B)
[0125/164502.981:ERROR:process_memory_win.cc(73)] ReadMemory at 0x7fff0548f3a0 of 64 bytes failed: Запрос ReadProcessMemory или WriteProcessMemory был выполнен только частично. (0x12B)
[0125/164503.154:ERROR:scoped_process_suspend.cc(40)] NtResumeProcess: Попытка доступа к процессу, выполняющему процедуру завершения. (0xc000010a)
[0125/164503.950:ERROR:filesystem_win.cc(129)] GetFileAttributes C:\Users\User\AppData\Local\AVAST Software\Browser\User Data\Crashpad\attachments\9030d83c-8358-4450-bbcb-34c4df0640c3: Системе не удается найти указанный путь. (0x3)
